SF:lib/screens/counter.dart
DA:5,3
DA:9,2
DA:10,2
DA:16,1
DA:17,2
DA:18,2
DA:22,2
DA:24,2
DA:25,2
DA:26,6
DA:27,6
DA:28,2
DA:29,2
DA:31,1
DA:32,3
DA:33,2
DA:34,1
DA:52,2
DA:53,2
DA:55,2
DA:62,2
DA:63,4
DA:64,6
DA:69,2
DA:73,2
LF:25
LH:25
end_of_record
SF:lib/screens/number_display.dart
DA:5,1
DA:9,1
DA:11,1
DA:12,1
DA:13,3
DA:16,1
DA:17,1
DA:19,1
DA:20,3
DA:24,1
DA:25,0
DA:26,0
DA:27,0
DA:28,0
LF:14
LH:10
end_of_record
SF:lib/main.dart
DA:7,0
DA:12,0
DA:13,0
DA:17,3
DA:19,1
DA:21,1
DA:23,1
DA:24,1
DA:31,1
DA:32,1
DA:33,1
LF:11
LH:8
end_of_record
SF:lib/screens/home.dart
DA:8,2
DA:10,1
DA:12,1
DA:14,1
DA:15,1
LF:5
LH:5
end_of_record
SF:lib/screens/dice_picture.dart
DA:5,0
DA:7,0
DA:8,0
DA:12,2
DA:14,0
DA:16,0
DA:26,0
DA:28,0
DA:30,0
DA:34,0
DA:36,0
DA:39,0
DA:41,0
DA:42,0
DA:45,0
DA:46,0
DA:47,0
DA:49,0
DA:51,0
DA:52,0
DA:53,0
DA:57,0
DA:59,0
DA:60,0
DA:77,0
DA:78,0
DA:80,0
DA:81,0
DA:88,0
DA:89,0
DA:90,0
DA:91,0
DA:95,0
DA:96,0
DA:100,0
DA:102,0
DA:104,0
DA:107,0
LF:38
LH:1
end_of_record
SF:lib/screens/login.dart
DA:4,2
DA:6,1
DA:7,1
DA:15,1
DA:16,1
DA:24,2
DA:26,0
DA:27,0
DA:32,1
DA:34,2
DA:35,2
DA:36,1
DA:39,1
DA:41,1
DA:43,1
DA:44,1
DA:46,1
DA:48,1
DA:49,1
DA:50,1
DA:51,1
DA:52,1
DA:60,1
DA:72,1
DA:73,1
DA:75,1
DA:76,1
DA:78,1
DA:79,1
DA:81,1
DA:82,1
DA:84,1
DA:89,1
DA:91,1
DA:92,1
DA:94,1
DA:95,1
DA:97,1
DA:104,1
DA:106,6
DA:107,1
DA:118,2
DA:119,0
DA:120,0
DA:129,1
DA:130,1
DA:131,0
DA:139,1
DA:140,1
DA:142,1
DA:144,1
DA:145,0
LF:52
LH:46
end_of_record
SF:lib/screens/signup.dart
DA:4,2
DA:6,0
DA:8,0
DA:10,0
DA:11,0
DA:12,0
DA:14,0
DA:16,0
DA:19,0
DA:20,0
DA:21,0
DA:33,0
DA:35,0
DA:39,0
DA:40,0
DA:41,0
DA:43,0
DA:45,0
DA:46,0
DA:48,0
DA:53,0
DA:55,0
DA:57,0
DA:58,0
DA:60,0
DA:65,0
DA:67,0
DA:69,0
DA:70,0
DA:72,0
DA:79,0
DA:81,0
DA:83,0
DA:84,0
DA:86,0
DA:94,0
DA:96,0
DA:98,0
DA:99,0
DA:110,0
DA:112,0
DA:113,0
DA:114,0
DA:117,0
DA:118,0
DA:119,0
DA:127,0
DA:128,0
DA:129,0
DA:131,0
DA:132,0
DA:154,0
DA:156,0
DA:158,0
DA:159,0
LF:55
LH:1
end_of_record
